[0mGET / [36m302 [0m10.297 ms - 70[0m
[0mGET /service-worker.js [33m404 [0m1305.368 ms - 3278[0m
[0mGET /users/signIn [32m200 [0m92.814 ms - 3130[0m
[0mGET /service-worker.js [33m404 [0m54.533 ms - 3278[0m
[0mGET /stylesheets/style.css [32m200 [0m9.791 ms - 204[0m
[0mGET /stylesheets/ldbtn.min.css [32m200 [0m9.515 ms - 2429[0m
[0mGET /stylesheets/loading.min.css [32m200 [0m9.584 ms - 41482[0m
[0mGET /vendor/admin-lte/plugins/tempusdominus-bootstrap-4/css/tempusdominus-bootstrap-4.min.css [32m200 [0m7.430 ms - 9071[0m
[0mGET /vendor/admin-lte/plugins/fontawesome-free/css/all.min.css [32m200 [0m11.995 ms - 58935[0m
[0mGET /vendor/admin-lte/plugins/daterangepicker/daterangepicker.css [32m200 [0m6.693 ms - 8069[0m
[0mGET /vendor/admin-lte/plugins/overlayScrollbars/css/OverlayScrollbars.min.css [32m200 [0m8.449 ms - 19735[0m
[0mGET /vendor/admin-lte/plugins/jquery/jquery.min.js [32m200 [0m7.176 ms - 89476[0m
[0mGET /vendor/admin-lte/plugins/jquery-ui/jquery-ui.min.js [32m200 [0m4.975 ms - 253669[0m
[0mGET /vendor/admin-lte/plugins/bootstrap/js/bootstrap.bundle.min.js [32m200 [0m7.244 ms - 80698[0m
[0mGET /vendor/admin-lte/plugins/tempusdominus-bootstrap-4/js/tempusdominus-bootstrap-4.min.js [32m200 [0m7.259 ms - 56879[0m
[0mGET /vendor/admin-lte/plugins/moment/moment.min.js [32m200 [0m7.833 ms - 53324[0m
[0mGET /vendor/admin-lte/dist/js/adminlte.js [32m200 [0m7.330 ms - 57886[0m
[0mGET /vendor/admin-lte/dist/css/adminlte.min.css [32m200 [0m7.480 ms - 689969[0m
[0mGET /javascripts/aeternity.bundle.js [32m200 [0m3.763 ms - 1089309[0m
[0mGET /vendor/admin-lte/plugins/fontawesome-free/webfonts/fa-solid-900.woff2 [32m200 [0m2.049 ms - 80328[0m
[0mGET /images/login-bg.jpg [32m200 [0m3.049 ms - 887904[0m
[0mGET /images/favicon.png [32m200 [0m2.732 ms - 1488[0m
[0mGET / [36m302 [0m9.519 ms - 70[0m
[0mGET /service-worker.js [33m404 [0m1178.951 ms - 3278[0m
[0mGET /users/signIn [32m200 [0m84.718 ms - 3130[0m
[0mGET /service-worker.js [33m404 [0m58.117 ms - 3278[0m
[0mGET /stylesheets/style.css [32m200 [0m4.187 ms - 204[0m
[0mGET /stylesheets/loading.min.css [32m200 [0m2.793 ms - 41482[0m
[0mGET /stylesheets/ldbtn.min.css [32m200 [0m6.989 ms - 2429[0m
[0mGET /vendor/admin-lte/plugins/tempusdominus-bootstrap-4/css/tempusdominus-bootstrap-4.min.css [32m200 [0m6.220 ms - 9071[0m
[0mGET /vendor/admin-lte/plugins/daterangepicker/daterangepicker.css [32m200 [0m3.876 ms - 8069[0m
[0mGET /vendor/admin-lte/plugins/overlayScrollbars/css/OverlayScrollbars.min.css [32m200 [0m9.812 ms - 19735[0m
[0mGET /vendor/admin-lte/plugins/fontawesome-free/css/all.min.css [32m200 [0m8.824 ms - 58935[0m
[0mGET /vendor/admin-lte/plugins/tempusdominus-bootstrap-4/js/tempusdominus-bootstrap-4.min.js [32m200 [0m7.258 ms - 56879[0m
[0mGET /vendor/admin-lte/plugins/moment/moment.min.js [32m200 [0m9.986 ms - 53324[0m
[0mGET /vendor/admin-lte/plugins/jquery/jquery.min.js [32m200 [0m19.754 ms - 89476[0m
[0mGET /vendor/admin-lte/plugins/bootstrap/js/bootstrap.bundle.min.js [32m200 [0m7.671 ms - 80698[0m
[0mGET /vendor/admin-lte/plugins/jquery-ui/jquery-ui.min.js [32m200 [0m9.572 ms - 253669[0m
[0mGET /vendor/admin-lte/dist/js/adminlte.js [32m200 [0m7.471 ms - 57886[0m
[0mGET /vendor/admin-lte/dist/css/adminlte.min.css [32m200 [0m9.542 ms - 689969[0m
[0mGET /javascripts/aeternity.bundle.js [32m200 [0m5.007 ms - 1089309[0m
[0mGET / [36m302 [0m19.528 ms - 70[0m
[0mGET /users/signIn [32m200 [0m4627.791 ms - 3104[0m
[0mGET / [36m302 [0m17.164 ms - 70[0m
[0mGET /vendor/admin-lte/plugins/tempusdominus-bootstrap-4/css/tempusdominus-bootstrap-4.min.css [32m200 [0m106.838 ms - 9071[0m
[0mGET /stylesheets/ldbtn.min.css [32m200 [0m98.409 ms - 2429[0m
[0mGET /stylesheets/style.css [32m200 [0m99.736 ms - 204[0m
[0mGET /stylesheets/loading.min.css [32m200 [0m104.122 ms - 41482[0m
[0mGET /users/signIn [32m200 [0m213.490 ms - 3104[0m
[0mGET /vendor/admin-lte/plugins/fontawesome-free/css/all.min.css [32m200 [0m306.173 ms - 58935[0m
[0mGET /vendor/admin-lte/plugins/overlayScrollbars/css/OverlayScrollbars.min.css [32m200 [0m76.287 ms - 19735[0m
[0mGET /vendor/admin-lte/plugins/daterangepicker/daterangepicker.css [32m200 [0m78.075 ms - 8069[0m
[0mGET /vendor/admin-lte/plugins/jquery/jquery.min.js [32m200 [0m83.629 ms - 89476[0m
[0mGET /vendor/admin-lte/plugins/bootstrap/js/bootstrap.bundle.min.js [32m200 [0m87.423 ms - 80698[0m
[0mGET /vendor/admin-lte/plugins/jquery-ui/jquery-ui.min.js [32m200 [0m65.946 ms - 253669[0m
[0mGET /vendor/admin-lte/plugins/tempusdominus-bootstrap-4/js/tempusdominus-bootstrap-4.min.js [32m200 [0m89.850 ms - 56879[0m
[0mGET /vendor/admin-lte/plugins/moment/moment.min.js [32m200 [0m85.752 ms - 53324[0m
[0mGET /vendor/admin-lte/dist/js/adminlte.js [32m200 [0m74.407 ms - 57886[0m
[0mGET /stylesheets/style.css [36m304 [0m30.417 ms - -[0m
[0mGET /vendor/admin-lte/dist/css/adminlte.min.css [32m200 [0m250.831 ms - 689969[0m
[0mGET /stylesheets/ldbtn.min.css [36m304 [0m47.856 ms - -[0m
[0mGET /vendor/admin-lte/plugins/fontawesome-free/css/all.min.css [32m200 [0m83.824 ms - 58935[0m
[0mGET /stylesheets/loading.min.css [36m304 [0m98.915 ms - -[0m
[0mGET /vendor/admin-lte/plugins/tempusdominus-bootstrap-4/css/tempusdominus-bootstrap-4.min.css [36m304 [0m98.481 ms - -[0m
[0mGET /vendor/admin-lte/plugins/overlayScrollbars/css/OverlayScrollbars.min.css [32m200 [0m217.517 ms - 19735[0m
[0mGET /vendor/admin-lte/plugins/daterangepicker/daterangepicker.css [32m200 [0m224.970 ms - 8069[0m
[0mGET /vendor/admin-lte/dist/css/adminlte.min.css [32m200 [0m112.658 ms - 689969[0m
[0mGET /vendor/admin-lte/plugins/jquery/jquery.min.js [32m200 [0m93.104 ms - 89476[0m
[0mGET /vendor/admin-lte/plugins/moment/moment.min.js [32m200 [0m93.216 ms - 53324[0m
[0mGET /vendor/admin-lte/plugins/bootstrap/js/bootstrap.bundle.min.js [32m200 [0m350.443 ms - 80698[0m
[0mGET /javascripts/aeternity.bundle.js [32m200 [0m74.814 ms - 1089309[0m
[0mGET /vendor/admin-lte/plugins/tempusdominus-bootstrap-4/js/tempusdominus-bootstrap-4.min.js [32m200 [0m335.626 ms - 56879[0m
[0mGET /vendor/admin-lte/plugins/jquery-ui/jquery-ui.min.js [32m200 [0m342.986 ms - 253669[0m
[0mGET /vendor/admin-lte/dist/js/adminlte.js [32m200 [0m147.880 ms - 57886[0m
[0mGET /vendor/admin-lte/plugins/fontawesome-free/webfonts/fa-solid-900.woff2 [32m200 [0m152.644 ms - 80328[0m
[0mGET /vendor/admin-lte/plugins/fontawesome-free/webfonts/fa-solid-900.woff2 [32m200 [0m187.060 ms - 80328[0m
[0mGET /javascripts/aeternity.bundle.js [32m200 [0m133.749 ms - 1089309[0m
[0mGET /images/login-bg.jpg [32m200 [0m78.714 ms - 887904[0m
[0mGET /images/login-bg.jpg [32m200 [0m86.069 ms - 887904[0m
[0mGET /images/favicon.png [32m200 [0m10.130 ms - 1488[0m
[0mGET /users/signIn [32m200 [0m121.380 ms - 3104[0m
[0mGET /stylesheets/style.css [36m304 [0m18.052 ms - -[0m
[0mGET /stylesheets/ldbtn.min.css [36m304 [0m11.767 ms - -[0m
[0mGET /stylesheets/loading.min.css [36m304 [0m20.313 ms - -[0m
[0mGET /vendor/admin-lte/plugins/daterangepicker/daterangepicker.css [36m304 [0m35.617 ms - -[0m
[0mGET /vendor/admin-lte/plugins/overlayScrollbars/css/OverlayScrollbars.min.css [36m304 [0m39.549 ms - -[0m
[0mGET /vendor/admin-lte/plugins/fontawesome-free/css/all.min.css [36m304 [0m41.915 ms - -[0m
[0mGET /vendor/admin-lte/plugins/tempusdominus-bootstrap-4/css/tempusdominus-bootstrap-4.min.css [36m304 [0m44.727 ms - -[0m
[0mGET /vendor/admin-lte/plugins/jquery-ui/jquery-ui.min.js [36m304 [0m20.189 ms - -[0m
[0mGET /vendor/admin-lte/plugins/jquery/jquery.min.js [36m304 [0m22.280 ms - -[0m
[0mGET /vendor/admin-lte/dist/css/adminlte.min.css [36m304 [0m19.212 ms - -[0m
[0mGET /vendor/admin-lte/plugins/moment/moment.min.js [36m304 [0m22.820 ms - -[0m
[0mGET /vendor/admin-lte/plugins/bootstrap/js/bootstrap.bundle.min.js [36m304 [0m20.818 ms - -[0m
[0mGET /javascripts/aeternity.bundle.js [36m304 [0m13.676 ms - -[0m
[0mGET /vendor/admin-lte/dist/js/adminlte.js [36m304 [0m19.930 ms - -[0m
[0mGET /vendor/admin-lte/plugins/tempusdominus-bootstrap-4/js/tempusdominus-bootstrap-4.min.js [36m304 [0m31.236 ms - -[0m
[0mGET /images/login-bg.jpg [36m304 [0m4.156 ms - -[0m
[0mGET /vendor/admin-lte/plugins/fontawesome-free/webfonts/fa-solid-900.woff2 [36m304 [0m10.812 ms - -[0m
[0mGET /users/signIn [32m200 [0m145.900 ms - 3120[0m
[0mGET /stylesheets/loading.min.css [36m304 [0m27.882 ms - -[0m
[0mGET /stylesheets/ldbtn.min.css [36m304 [0m25.120 ms - -[0m
[0mGET /stylesheets/style.css [36m304 [0m17.323 ms - -[0m
[0mGET /vendor/admin-lte/plugins/fontawesome-free/css/all.min.css [36m304 [0m25.967 ms - -[0m
[0mGET /vendor/admin-lte/plugins/tempusdominus-bootstrap-4/css/tempusdominus-bootstrap-4.min.css [36m304 [0m21.231 ms - -[0m
[0mGET /vendor/admin-lte/dist/css/adminlte.min.css [36m304 [0m35.931 ms - -[0m
[0mGET /vendor/admin-lte/plugins/jquery-ui/jquery-ui.min.js [36m304 [0m27.353 ms - -[0m
[0mGET /vendor/admin-lte/plugins/jquery/jquery.min.js [36m304 [0m24.150 ms - -[0m
[0mGET /vendor/admin-lte/plugins/overlayScrollbars/css/OverlayScrollbars.min.css [36m304 [0m27.304 ms - -[0m
[0mGET /vendor/admin-lte/plugins/daterangepicker/daterangepicker.css [36m304 [0m32.959 ms - -[0m
[0mGET /vendor/admin-lte/plugins/bootstrap/js/bootstrap.bundle.min.js [36m304 [0m40.350 ms - -[0m
[0mGET /vendor/admin-lte/plugins/moment/moment.min.js [36m304 [0m42.918 ms - -[0m
[0mGET /vendor/admin-lte/plugins/tempusdominus-bootstrap-4/js/tempusdominus-bootstrap-4.min.js [36m304 [0m42.919 ms - -[0m
[0mGET /javascripts/aeternity.bundle.js [36m304 [0m15.903 ms - -[0m
[0mGET /vendor/admin-lte/dist/js/adminlte.js [36m304 [0m19.253 ms - -[0m
[0mGET /images/login-bg.jpg [36m304 [0m12.337 ms - -[0m
[0mGET /vendor/admin-lte/plugins/fontawesome-free/webfonts/fa-solid-900.woff2 [36m304 [0m31.166 ms - -[0m
[0mGET /users/signIn [32m200 [0m123.013 ms - 3136[0m
[0mGET /stylesheets/ldbtn.min.css [36m304 [0m24.351 ms - -[0m
[0mGET /stylesheets/style.css [36m304 [0m30.025 ms - -[0m
[0mGET /stylesheets/loading.min.css [36m304 [0m17.232 ms - -[0m
[0mGET /vendor/admin-lte/dist/css/adminlte.min.css [36m304 [0m28.352 ms - -[0m
[0mGET /vendor/admin-lte/plugins/daterangepicker/daterangepicker.css [36m304 [0m21.042 ms - -[0m
[0mGET /vendor/admin-lte/plugins/fontawesome-free/css/all.min.css [36m304 [0m35.369 ms - -[0m
[0mGET /vendor/admin-lte/plugins/tempusdominus-bootstrap-4/css/tempusdominus-bootstrap-4.min.css [36m304 [0m35.228 ms - -[0m
[0mGET /vendor/admin-lte/plugins/overlayScrollbars/css/OverlayScrollbars.min.css [36m304 [0m21.906 ms - -[0m
[0mGET /vendor/admin-lte/plugins/jquery/jquery.min.js [36m304 [0m42.023 ms - -[0m
[0mGET /vendor/admin-lte/plugins/jquery-ui/jquery-ui.min.js [36m304 [0m53.587 ms - -[0m
[0mGET /vendor/admin-lte/plugins/moment/moment.min.js [36m304 [0m39.452 ms - -[0m
[0mGET /vendor/admin-lte/plugins/tempusdominus-bootstrap-4/js/tempusdominus-bootstrap-4.min.js [36m304 [0m41.109 ms - -[0m
[0mGET /vendor/admin-lte/dist/js/adminlte.js [36m304 [0m61.896 ms - -[0m
[0mGET /vendor/admin-lte/plugins/bootstrap/js/bootstrap.bundle.min.js [36m304 [0m64.413 ms - -[0m
[0mGET /javascripts/aeternity.bundle.js [36m304 [0m17.788 ms - -[0m
[0mGET /images/login-bg.jpg [36m304 [0m9.543 ms - -[0m
[0mGET /vendor/admin-lte/plugins/fontawesome-free/webfonts/fa-solid-900.woff2 [36m304 [0m14.353 ms - -[0m
[0mGET /users/signIn [32m200 [0m116.666 ms - 3080[0m
[0mGET /stylesheets/ldbtn.min.css [36m304 [0m27.738 ms - -[0m
[0mGET /stylesheets/style.css [36m304 [0m16.394 ms - -[0m
[0mGET /stylesheets/loading.min.css [36m304 [0m18.784 ms - -[0m
[0mGET /vendor/admin-lte/plugins/daterangepicker/daterangepicker.css [36m304 [0m17.560 ms - -[0m
[0mGET /vendor/admin-lte/plugins/fontawesome-free/css/all.min.css [36m304 [0m19.083 ms - -[0m
[0mGET /vendor/admin-lte/plugins/tempusdominus-bootstrap-4/css/tempusdominus-bootstrap-4.min.css [36m304 [0m18.520 ms - -[0m
[0mGET /vendor/admin-lte/dist/css/adminlte.min.css [36m304 [0m31.634 ms - -[0m
[0mGET /vendor/admin-lte/plugins/jquery/jquery.min.js [36m304 [0m45.368 ms - -[0m
[0mGET /vendor/admin-lte/plugins/jquery-ui/jquery-ui.min.js [36m304 [0m48.223 ms - -[0m
[0mGET /vendor/admin-lte/plugins/bootstrap/js/bootstrap.bundle.min.js [36m304 [0m42.379 ms - -[0m
[0mGET /vendor/admin-lte/plugins/tempusdominus-bootstrap-4/js/tempusdominus-bootstrap-4.min.js [36m304 [0m43.115 ms - -[0m
[0mGET /vendor/admin-lte/plugins/overlayScrollbars/css/OverlayScrollbars.min.css [36m304 [0m40.292 ms - -[0m
[0mGET /javascripts/aeternity.bundle.js [36m304 [0m47.234 ms - -[0m
[0mGET /vendor/admin-lte/plugins/moment/moment.min.js [36m304 [0m60.602 ms - -[0m
[0mGET /vendor/admin-lte/dist/js/adminlte.js [36m304 [0m64.843 ms - -[0m
[0mGET /images/login-bg.jpg [36m304 [0m6.968 ms - -[0m
[0mGET /vendor/admin-lte/plugins/fontawesome-free/webfonts/fa-solid-900.woff2 [36m304 [0m16.868 ms - -[0m
[0mGET /users/signIn [32m200 [0m130.263 ms - 3111[0m
[0mGET /stylesheets/ldbtn.min.css [36m304 [0m33.624 ms - -[0m
[0mGET /stylesheets/loading.min.css [36m304 [0m29.505 ms - -[0m
[0mGET /vendor/admin-lte/plugins/fontawesome-free/css/all.min.css [36m304 [0m16.891 ms - -[0m
[0mGET /vendor/admin-lte/plugins/tempusdominus-bootstrap-4/css/tempusdominus-bootstrap-4.min.css [36m304 [0m12.683 ms - -[0m
[0mGET /vendor/admin-lte/dist/css/adminlte.min.css [36m304 [0m15.932 ms - -[0m
[0mGET /stylesheets/style.css [36m304 [0m14.736 ms - -[0m
[0mGET /vendor/admin-lte/plugins/daterangepicker/daterangepicker.css [36m304 [0m21.044 ms - -[0m
[0mGET /vendor/admin-lte/plugins/overlayScrollbars/css/OverlayScrollbars.min.css [36m304 [0m33.295 ms - -[0m
[0mGET /vendor/admin-lte/plugins/jquery/jquery.min.js [36m304 [0m24.674 ms - -[0m
[0mGET /vendor/admin-lte/plugins/moment/moment.min.js [36m304 [0m20.967 ms - -[0m
[0mGET /vendor/admin-lte/plugins/bootstrap/js/bootstrap.bundle.min.js [36m304 [0m22.426 ms - -[0m
[0mGET /vendor/admin-lte/dist/js/adminlte.js [36m304 [0m6.813 ms - -[0m
[0mGET /vendor/admin-lte/plugins/jquery-ui/jquery-ui.min.js [36m304 [0m27.589 ms - -[0m
[0mGET /javascripts/aeternity.bundle.js [36m304 [0m15.793 ms - -[0m
[0mGET /vendor/admin-lte/plugins/tempusdominus-bootstrap-4/js/tempusdominus-bootstrap-4.min.js [36m304 [0m21.375 ms - -[0m
[0mGET /images/login-bg.jpg [36m304 [0m12.126 ms - -[0m
[0mGET /vendor/admin-lte/plugins/fontawesome-free/webfonts/fa-solid-900.woff2 [36m304 [0m27.033 ms - -[0m
[0mGET /users/signIn [32m200 [0m98.581 ms - 3085[0m
[0mGET /stylesheets/style.css [36m304 [0m34.221 ms - -[0m
[0mGET /stylesheets/ldbtn.min.css [36m304 [0m31.708 ms - -[0m
[0mGET /stylesheets/loading.min.css [36m304 [0m30.384 ms - -[0m
[0mGET /vendor/admin-lte/plugins/jquery/jquery.min.js [36m304 [0m28.020 ms - -[0m
[0mGET /vendor/admin-lte/plugins/fontawesome-free/css/all.min.css [36m304 [0m29.629 ms - -[0m
[0mGET /vendor/admin-lte/plugins/tempusdominus-bootstrap-4/css/tempusdominus-bootstrap-4.min.css [36m304 [0m28.922 ms - -[0m
[0mGET /vendor/admin-lte/plugins/daterangepicker/daterangepicker.css [36m304 [0m21.839 ms - -[0m
[0mGET /vendor/admin-lte/plugins/jquery-ui/jquery-ui.min.js [36m304 [0m13.566 ms - -[0m
[0mGET /vendor/admin-lte/dist/css/adminlte.min.css [36m304 [0m34.392 ms - -[0m
[0mGET /vendor/admin-lte/plugins/overlayScrollbars/css/OverlayScrollbars.min.css [36m304 [0m46.815 ms - -[0m
[0mGET /vendor/admin-lte/plugins/tempusdominus-bootstrap-4/js/tempusdominus-bootstrap-4.min.js [36m304 [0m40.295 ms - -[0m
[0mGET /vendor/admin-lte/plugins/bootstrap/js/bootstrap.bundle.min.js [36m304 [0m50.993 ms - -[0m
[0mGET /vendor/admin-lte/dist/js/adminlte.js [36m304 [0m33.333 ms - -[0m
[0mGET /javascripts/aeternity.bundle.js [36m304 [0m37.406 ms - -[0m
[0mGET /vendor/admin-lte/plugins/moment/moment.min.js [36m304 [0m38.811 ms - -[0m
[0mGET /images/login-bg.jpg [36m304 [0m8.993 ms - -[0m
[0mGET /vendor/admin-lte/plugins/fontawesome-free/webfonts/fa-solid-900.woff2 [36m304 [0m12.177 ms - -[0m
[0mGET /users/signIn [32m200 [0m116.938 ms - 3085[0m
[0mGET /stylesheets/style.css [36m304 [0m22.844 ms - -[0m
[0mGET /stylesheets/ldbtn.min.css [36m304 [0m11.671 ms - -[0m
[0mGET /stylesheets/loading.min.css [36m304 [0m12.916 ms - -[0m
[0mGET /vendor/admin-lte/plugins/fontawesome-free/css/all.min.css [36m304 [0m33.600 ms - -[0m
[0mGET /vendor/admin-lte/plugins/tempusdominus-bootstrap-4/css/tempusdominus-bootstrap-4.min.css [36m304 [0m33.282 ms - -[0m
[0mGET /vendor/admin-lte/dist/css/adminlte.min.css [36m304 [0m31.716 ms - -[0m
[0mGET /vendor/admin-lte/plugins/overlayScrollbars/css/OverlayScrollbars.min.css [36m304 [0m26.931 ms - -[0m
[0mGET /vendor/admin-lte/plugins/jquery/jquery.min.js [36m304 [0m33.252 ms - -[0m
[0mGET /vendor/admin-lte/plugins/daterangepicker/daterangepicker.css [36m304 [0m37.434 ms - -[0m
[0mGET /vendor/admin-lte/plugins/jquery-ui/jquery-ui.min.js [36m304 [0m57.944 ms - -[0m
[0mGET /vendor/admin-lte/plugins/bootstrap/js/bootstrap.bundle.min.js [36m304 [0m58.928 ms - -[0m
[0mGET /vendor/admin-lte/plugins/moment/moment.min.js [36m304 [0m35.598 ms - -[0m
[0mGET /javascripts/aeternity.bundle.js [36m304 [0m21.369 ms - -[0m
[0mGET /vendor/admin-lte/dist/js/adminlte.js [36m304 [0m25.516 ms - -[0m
[0mGET /vendor/admin-lte/plugins/tempusdominus-bootstrap-4/js/tempusdominus-bootstrap-4.min.js [36m304 [0m34.237 ms - -[0m
[0mGET /images/login-bg.jpg [36m304 [0m10.116 ms - -[0m
[0mGET /vendor/admin-lte/plugins/fontawesome-free/webfonts/fa-solid-900.woff2 [36m304 [0m20.941 ms - -[0m
[0mGET /users/signIn [32m200 [0m77.502 ms - 3085[0m
[0mGET /stylesheets/style.css [36m304 [0m29.549 ms - -[0m
[0mGET /stylesheets/ldbtn.min.css [36m304 [0m15.754 ms - -[0m
[0mGET /stylesheets/loading.min.css [36m304 [0m13.043 ms - -[0m
[0mGET /vendor/admin-lte/dist/css/adminlte.min.css [36m304 [0m13.418 ms - -[0m
[0mGET /vendor/admin-lte/plugins/tempusdominus-bootstrap-4/css/tempusdominus-bootstrap-4.min.css [36m304 [0m30.354 ms - -[0m
[0mGET /vendor/admin-lte/plugins/fontawesome-free/css/all.min.css [36m304 [0m30.180 ms - -[0m
[0mGET /vendor/admin-lte/plugins/jquery/jquery.min.js [36m304 [0m18.536 ms - -[0m
[0mGET /vendor/admin-lte/plugins/daterangepicker/daterangepicker.css [36m304 [0m41.522 ms - -[0m
[0mGET /vendor/admin-lte/plugins/overlayScrollbars/css/OverlayScrollbars.min.css [36m304 [0m45.247 ms - -[0m
[0mGET /vendor/admin-lte/plugins/bootstrap/js/bootstrap.bundle.min.js [36m304 [0m32.524 ms - -[0m
[0mGET /vendor/admin-lte/plugins/jquery-ui/jquery-ui.min.js [36m304 [0m17.745 ms - -[0m
[0mGET /vendor/admin-lte/plugins/moment/moment.min.js [36m304 [0m18.653 ms - -[0m
[0mGET /javascripts/aeternity.bundle.js [36m304 [0m14.920 ms - -[0m
[0mGET /vendor/admin-lte/dist/js/adminlte.js [36m304 [0m23.033 ms - -[0m
[0mGET /vendor/admin-lte/plugins/tempusdominus-bootstrap-4/js/tempusdominus-bootstrap-4.min.js [36m304 [0m30.409 ms - -[0m
[0mGET /vendor/admin-lte/plugins/fontawesome-free/webfonts/fa-solid-900.woff2 [36m304 [0m19.537 ms - -[0m
[0mGET /images/login-bg.jpg [36m304 [0m23.182 ms - -[0m
[0mGET /users/signIn [32m200 [0m73.290 ms - 3079[0m
[0mGET /stylesheets/loading.min.css [36m304 [0m21.524 ms - -[0m
[0mGET /stylesheets/style.css [36m304 [0m5.237 ms - -[0m
[0mGET /stylesheets/ldbtn.min.css [36m304 [0m17.878 ms - -[0m
[0mGET /vendor/admin-lte/dist/css/adminlte.min.css [36m304 [0m15.521 ms - -[0m
[0mGET /vendor/admin-lte/plugins/jquery/jquery.min.js [36m304 [0m15.892 ms - -[0m
[0mGET /vendor/admin-lte/plugins/tempusdominus-bootstrap-4/css/tempusdominus-bootstrap-4.min.css [36m304 [0m20.372 ms - -[0m
[0mGET /vendor/admin-lte/plugins/fontawesome-free/css/all.min.css [36m304 [0m23.194 ms - -[0m
[0mGET /vendor/admin-lte/plugins/daterangepicker/daterangepicker.css [36m304 [0m27.990 ms - -[0m
[0mGET /vendor/admin-lte/plugins/overlayScrollbars/css/OverlayScrollbars.min.css [36m304 [0m14.686 ms - -[0m
[0mGET /vendor/admin-lte/plugins/jquery-ui/jquery-ui.min.js [36m304 [0m16.137 ms - -[0m
[0mGET /vendor/admin-lte/plugins/moment/moment.min.js [36m304 [0m30.796 ms - -[0m
[0mGET /vendor/admin-lte/plugins/bootstrap/js/bootstrap.bundle.min.js [36m304 [0m39.650 ms - -[0m
[0mGET /vendor/admin-lte/dist/js/adminlte.js [36m304 [0m45.634 ms - -[0m
[0mGET /javascripts/aeternity.bundle.js [36m304 [0m10.557 ms - -[0m
[0mGET /vendor/admin-lte/plugins/tempusdominus-bootstrap-4/js/tempusdominus-bootstrap-4.min.js [36m304 [0m20.729 ms - -[0m
[0mGET /images/login-bg.jpg [36m304 [0m5.005 ms - -[0m
[0mGET /vendor/admin-lte/plugins/fontawesome-free/webfonts/fa-solid-900.woff2 [36m304 [0m10.987 ms - -[0m
[0mGET /users/signIn [32m200 [0m78.159 ms - 3084[0m
[0mGET /stylesheets/style.css [36m304 [0m31.891 ms - -[0m
[0mGET /stylesheets/loading.min.css [36m304 [0m14.412 ms - -[0m
[0mGET /stylesheets/ldbtn.min.css [36m304 [0m16.882 ms - -[0m
[0mGET /vendor/admin-lte/plugins/overlayScrollbars/css/OverlayScrollbars.min.css [36m304 [0m21.543 ms - -[0m
[0mGET /vendor/admin-lte/plugins/fontawesome-free/css/all.min.css [36m304 [0m25.628 ms - -[0m
[0mGET /vendor/admin-lte/plugins/tempusdominus-bootstrap-4/css/tempusdominus-bootstrap-4.min.css [36m304 [0m27.911 ms - -[0m
[0mGET /vendor/admin-lte/plugins/daterangepicker/daterangepicker.css [36m304 [0m16.054 ms - -[0m
[0mGET /vendor/admin-lte/plugins/jquery/jquery.min.js [36m304 [0m13.008 ms - -[0m
[0mGET /vendor/admin-lte/dist/css/adminlte.min.css [36m304 [0m24.808 ms - -[0m
[0mGET /vendor/admin-lte/plugins/jquery-ui/jquery-ui.min.js [36m304 [0m23.190 ms - -[0m
[0mGET /vendor/admin-lte/plugins/bootstrap/js/bootstrap.bundle.min.js [36m304 [0m22.321 ms - -[0m
[0mGET /vendor/admin-lte/plugins/moment/moment.min.js [36m304 [0m69.507 ms - -[0m
[0mGET /vendor/admin-lte/dist/js/adminlte.js [36m304 [0m17.128 ms - -[0m
[0mGET /vendor/admin-lte/plugins/tempusdominus-bootstrap-4/js/tempusdominus-bootstrap-4.min.js [36m304 [0m26.906 ms - -[0m
[0mGET /javascripts/aeternity.bundle.js [36m304 [0m18.889 ms - -[0m
[0mGET /images/login-bg.jpg [36m304 [0m8.639 ms - -[0m
[0mGET /vendor/admin-lte/plugins/fontawesome-free/webfonts/fa-solid-900.woff2 [36m304 [0m13.413 ms - -[0m
[0mGET /users/signIn [32m200 [0m78.997 ms - 3079[0m
[0mGET /stylesheets/style.css [36m304 [0m24.874 ms - -[0m
[0mGET /stylesheets/ldbtn.min.css [36m304 [0m23.466 ms - -[0m
[0mGET /stylesheets/loading.min.css [36m304 [0m24.034 ms - -[0m
[0mGET /vendor/admin-lte/plugins/fontawesome-free/css/all.min.css [36m304 [0m21.611 ms - -[0m
[0mGET /vendor/admin-lte/plugins/tempusdominus-bootstrap-4/css/tempusdominus-bootstrap-4.min.css [36m304 [0m21.810 ms - -[0m
[0mGET /vendor/admin-lte/dist/css/adminlte.min.css [36m304 [0m22.652 ms - -[0m
[0mGET /vendor/admin-lte/plugins/overlayScrollbars/css/OverlayScrollbars.min.css [36m304 [0m25.708 ms - -[0m
[0mGET /vendor/admin-lte/plugins/daterangepicker/daterangepicker.css [36m304 [0m34.277 ms - -[0m
[0mGET /vendor/admin-lte/plugins/jquery/jquery.min.js [36m304 [0m41.603 ms - -[0m
[0mGET /vendor/admin-lte/plugins/bootstrap/js/bootstrap.bundle.min.js [36m304 [0m45.168 ms - -[0m
[0mGET /vendor/admin-lte/plugins/jquery-ui/jquery-ui.min.js [36m304 [0m35.129 ms - -[0m
[0mGET /vendor/admin-lte/plugins/moment/moment.min.js [36m304 [0m45.058 ms - -[0m
[0mGET /vendor/admin-lte/dist/js/adminlte.js [36m304 [0m44.355 ms - -[0m
[0mGET /javascripts/aeternity.bundle.js [36m304 [0m4.472 ms - -[0m
[0mGET /vendor/admin-lte/plugins/tempusdominus-bootstrap-4/js/tempusdominus-bootstrap-4.min.js [36m304 [0m25.790 ms - -[0m
[0mGET /vendor/admin-lte/plugins/fontawesome-free/webfonts/fa-solid-900.woff2 [36m304 [0m13.766 ms - -[0m
[0mGET /images/login-bg.jpg [36m304 [0m10.341 ms - -[0m
[0mGET /users/signIn [32m200 [0m114.047 ms - 3079[0m
[0mGET /stylesheets/ldbtn.min.css [36m304 [0m12.657 ms - -[0m
[0mGET /vendor/admin-lte/plugins/tempusdominus-bootstrap-4/css/tempusdominus-bootstrap-4.min.css [36m304 [0m26.113 ms - -[0m
[0mGET /stylesheets/loading.min.css [36m304 [0m19.316 ms - -[0m
[0mGET /stylesheets/style.css [36m304 [0m22.468 ms - -[0m
[0mGET /vendor/admin-lte/plugins/fontawesome-free/css/all.min.css [36m304 [0m44.394 ms - -[0m
[0mGET /vendor/admin-lte/plugins/overlayScrollbars/css/OverlayScrollbars.min.css [36m304 [0m50.441 ms - -[0m
[0mGET /vendor/admin-lte/plugins/daterangepicker/daterangepicker.css [36m304 [0m68.486 ms - -[0m
[0mGET /vendor/admin-lte/dist/css/adminlte.min.css [36m304 [0m57.623 ms - -[0m
[0mGET /vendor/admin-lte/plugins/jquery/jquery.min.js [36m304 [0m65.733 ms - -[0m
[0mGET /vendor/admin-lte/plugins/bootstrap/js/bootstrap.bundle.min.js [36m304 [0m71.548 ms - -[0m
[0mGET /vendor/admin-lte/plugins/moment/moment.min.js [36m304 [0m45.813 ms - -[0m
[0mGET /vendor/admin-lte/plugins/jquery-ui/jquery-ui.min.js [36m304 [0m40.858 ms - -[0m
[0mGET /vendor/admin-lte/dist/js/adminlte.js [36m304 [0m33.200 ms - -[0m
[0mGET /vendor/admin-lte/plugins/tempusdominus-bootstrap-4/js/tempusdominus-bootstrap-4.min.js [36m304 [0m36.168 ms - -[0m
[0mGET /javascripts/aeternity.bundle.js [36m304 [0m30.512 ms - -[0m
[0mGET /images/login-bg.jpg [36m304 [0m4.916 ms - -[0m
[0mGET /vendor/admin-lte/plugins/fontawesome-free/webfonts/fa-solid-900.woff2 [36m304 [0m15.936 ms - -[0m
[0mGET /vendor/admin-lte/dist/js/adminlte.js.map [32m200 [0m211.529 ms - 114495[0m
[0mGET /vendor/admin-lte/plugins/bootstrap/js/bootstrap.bundle.min.js.map [32m200 [0m207.344 ms - 318045[0m
[0mGET /vendor/admin-lte/dist/css/adminlte.min.css.map [32m200 [0m68.914 ms - 1483964[0m
[0mGET /users/signIn [32m200 [0m198.835 ms - 3084[0m
[0mGET /stylesheets/style.css [36m304 [0m14.557 ms - -[0m
[0mGET /stylesheets/ldbtn.min.css [36m304 [0m10.305 ms - -[0m
[0mGET /stylesheets/loading.min.css [36m304 [0m20.979 ms - -[0m
[0mGET /vendor/admin-lte/plugins/tempusdominus-bootstrap-4/css/tempusdominus-bootstrap-4.min.css [36m304 [0m28.864 ms - -[0m
[0mGET /vendor/admin-lte/plugins/fontawesome-free/css/all.min.css [36m304 [0m30.702 ms - -[0m
[0mGET /vendor/admin-lte/dist/css/adminlte.min.css [36m304 [0m31.718 ms - -[0m
[0mGET /vendor/admin-lte/plugins/overlayScrollbars/css/OverlayScrollbars.min.css [36m304 [0m31.952 ms - -[0m
[0mGET /vendor/admin-lte/plugins/daterangepicker/daterangepicker.css [36m304 [0m32.256 ms - -[0m
[0mGET /vendor/admin-lte/plugins/bootstrap/js/bootstrap.bundle.min.js [36m304 [0m21.106 ms - -[0m
[0mGET /vendor/admin-lte/plugins/jquery/jquery.min.js [36m304 [0m15.736 ms - -[0m
[0mGET /vendor/admin-lte/plugins/moment/moment.min.js [36m304 [0m36.500 ms - -[0m
[0mGET /vendor/admin-lte/plugins/jquery-ui/jquery-ui.min.js [36m304 [0m38.893 ms - -[0m
[0mGET /vendor/admin-lte/dist/js/adminlte.js [36m304 [0m36.841 ms - -[0m
[0mGET /vendor/admin-lte/plugins/tempusdominus-bootstrap-4/js/tempusdominus-bootstrap-4.min.js [36m304 [0m43.643 ms - -[0m
[0mGET /javascripts/aeternity.bundle.js [36m304 [0m73.838 ms - -[0m
[0mGET /images/login-bg.jpg [36m304 [0m47.125 ms - -[0m
[0mGET /vendor/admin-lte/plugins/fontawesome-free/webfonts/fa-solid-900.woff2 [36m304 [0m15.373 ms - -[0m
[0mGET /users/signIn [32m200 [0m128.497 ms - 3085[0m
[0mGET /stylesheets/loading.min.css [36m304 [0m7.542 ms - -[0m
[0mGET /stylesheets/ldbtn.min.css [36m304 [0m15.213 ms - -[0m
[0mGET /stylesheets/style.css [36m304 [0m17.666 ms - -[0m
[0mGET /vendor/admin-lte/plugins/tempusdominus-bootstrap-4/css/tempusdominus-bootstrap-4.min.css [36m304 [0m30.223 ms - -[0m
[0mGET /vendor/admin-lte/plugins/fontawesome-free/css/all.min.css [36m304 [0m34.958 ms - -[0m
[0mGET /vendor/admin-lte/plugins/overlayScrollbars/css/OverlayScrollbars.min.css [36m304 [0m37.726 ms - -[0m
[0mGET /vendor/admin-lte/plugins/daterangepicker/daterangepicker.css [36m304 [0m29.253 ms - -[0m
[0mGET /vendor/admin-lte/plugins/jquery/jquery.min.js [36m304 [0m30.337 ms - -[0m
[0mGET /vendor/admin-lte/dist/css/adminlte.min.css [36m304 [0m29.316 ms - -[0m
[0mGET /vendor/admin-lte/plugins/jquery-ui/jquery-ui.min.js [36m304 [0m20.789 ms - -[0m
[0mGET /vendor/admin-lte/plugins/bootstrap/js/bootstrap.bundle.min.js [36m304 [0m16.297 ms - -[0m
[0mGET /vendor/admin-lte/plugins/tempusdominus-bootstrap-4/js/tempusdominus-bootstrap-4.min.js [36m304 [0m22.816 ms - -[0m
[0mGET /vendor/admin-lte/dist/js/adminlte.js [36m304 [0m18.432 ms - -[0m
[0mGET /vendor/admin-lte/plugins/moment/moment.min.js [36m304 [0m17.349 ms - -[0m
[0mGET /javascripts/aeternity.bundle.js [36m304 [0m18.633 ms - -[0m
[0mGET /vendor/admin-lte/plugins/fontawesome-free/webfonts/fa-solid-900.woff2 [36m304 [0m14.278 ms - -[0m
[0mGET /images/login-bg.jpg [36m304 [0m13.061 ms - -[0m
[0mGET /users/signIn [32m200 [0m165.174 ms - 3084[0m
[0mGET /stylesheets/ldbtn.min.css [36m304 [0m42.115 ms - -[0m
[0mGET /stylesheets/style.css [36m304 [0m27.077 ms - -[0m
[0mGET /stylesheets/loading.min.css [36m304 [0m24.521 ms - -[0m
[0mGET /vendor/admin-lte/plugins/fontawesome-free/css/all.min.css [36m304 [0m28.358 ms - -[0m
[0mGET /vendor/admin-lte/plugins/jquery/jquery.min.js [36m304 [0m10.854 ms - -[0m
[0mGET /vendor/admin-lte/dist/css/adminlte.min.css [36m304 [0m26.002 ms - -[0m
[0mGET /vendor/admin-lte/plugins/daterangepicker/daterangepicker.css [36m304 [0m26.620 ms - -[0m
[0mGET /vendor/admin-lte/plugins/overlayScrollbars/css/OverlayScrollbars.min.css [36m304 [0m27.265 ms - -[0m
[0mGET /vendor/admin-lte/plugins/tempusdominus-bootstrap-4/js/tempusdominus-bootstrap-4.min.js [36m304 [0m23.412 ms - -[0m
[0mGET /vendor/admin-lte/plugins/tempusdominus-bootstrap-4/css/tempusdominus-bootstrap-4.min.css [36m304 [0m52.607 ms - -[0m
[0mGET /vendor/admin-lte/plugins/jquery-ui/jquery-ui.min.js [36m304 [0m54.375 ms - -[0m
[0mGET /vendor/admin-lte/plugins/bootstrap/js/bootstrap.bundle.min.js [36m304 [0m33.083 ms - -[0m
[0mGET /vendor/admin-lte/plugins/moment/moment.min.js [36m304 [0m24.042 ms - -[0m
[0mGET /vendor/admin-lte/dist/js/adminlte.js [36m304 [0m25.720 ms - -[0m
[0mGET /javascripts/aeternity.bundle.js [36m304 [0m15.156 ms - -[0m
[0mGET /vendor/admin-lte/plugins/fontawesome-free/webfonts/fa-solid-900.woff2 [36m304 [0m47.574 ms - -[0m
[0mGET /images/login-bg.jpg [36m304 [0m46.691 ms - -[0m
[0mGET /users/signIn [32m200 [0m112.632 ms - 3084[0m
[0mGET /stylesheets/loading.min.css [36m304 [0m9.738 ms - -[0m
[0mGET /stylesheets/ldbtn.min.css [36m304 [0m23.156 ms - -[0m
[0mGET /stylesheets/style.css [36m304 [0m10.960 ms - -[0m
[0mGET /vendor/admin-lte/plugins/tempusdominus-bootstrap-4/css/tempusdominus-bootstrap-4.min.css [36m304 [0m26.102 ms - -[0m
[0mGET /vendor/admin-lte/plugins/daterangepicker/daterangepicker.css [36m304 [0m22.058 ms - -[0m
[0mGET /vendor/admin-lte/plugins/overlayScrollbars/css/OverlayScrollbars.min.css [36m304 [0m23.687 ms - -[0m
[0mGET /vendor/admin-lte/plugins/fontawesome-free/css/all.min.css [36m304 [0m27.403 ms - -[0m
[0mGET /vendor/admin-lte/dist/css/adminlte.min.css [36m304 [0m22.999 ms - -[0m
[0mGET /vendor/admin-lte/plugins/jquery-ui/jquery-ui.min.js [36m304 [0m10.832 ms - -[0m
[0mGET /vendor/admin-lte/dist/js/adminlte.js [36m304 [0m12.805 ms - -[0m
[0mGET /vendor/admin-lte/plugins/bootstrap/js/bootstrap.bundle.min.js [36m304 [0m11.644 ms - -[0m
[0mGET /javascripts/aeternity.bundle.js [36m304 [0m13.451 ms - -[0m
[0mGET /vendor/admin-lte/plugins/jquery/jquery.min.js [36m304 [0m12.848 ms - -[0m
[0mGET /vendor/admin-lte/plugins/tempusdominus-bootstrap-4/js/tempusdominus-bootstrap-4.min.js [36m304 [0m30.547 ms - -[0m
[0mGET /vendor/admin-lte/plugins/moment/moment.min.js [36m304 [0m27.771 ms - -[0m
[0mGET /images/login-bg.jpg [36m304 [0m27.124 ms - -[0m
[0mGET /vendor/admin-lte/plugins/fontawesome-free/webfonts/fa-solid-900.woff2 [36m304 [0m37.170 ms - -[0m
[0mGET /users/signIn [32m200 [0m178.899 ms - 3103[0m
[0mGET /stylesheets/style.css [36m304 [0m20.515 ms - -[0m
[0mGET /vendor/admin-lte/plugins/fontawesome-free/css/all.min.css [36m304 [0m17.423 ms - -[0m
[0mGET /vendor/admin-lte/plugins/overlayScrollbars/css/OverlayScrollbars.min.css [36m304 [0m36.502 ms - -[0m
[0mGET /stylesheets/ldbtn.min.css [36m304 [0m39.579 ms - -[0m
[0mGET /vendor/admin-lte/plugins/tempusdominus-bootstrap-4/css/tempusdominus-bootstrap-4.min.css [36m304 [0m39.952 ms - -[0m
[0mGET /stylesheets/loading.min.css [36m304 [0m57.256 ms - -[0m
[0mGET /vendor/admin-lte/dist/css/adminlte.min.css [36m304 [0m21.975 ms - -[0m
[0mGET /vendor/admin-lte/plugins/jquery/jquery.min.js [36m304 [0m32.962 ms - -[0m
[0mGET /vendor/admin-lte/plugins/daterangepicker/daterangepicker.css [36m304 [0m55.440 ms - -[0m
[0mGET /vendor/admin-lte/plugins/jquery-ui/jquery-ui.min.js [36m304 [0m55.028 ms - -[0m
[0mGET /vendor/admin-lte/plugins/moment/moment.min.js [36m304 [0m58.900 ms - -[0m
[0mGET /vendor/admin-lte/plugins/bootstrap/js/bootstrap.bundle.min.js [36m304 [0m69.515 ms - -[0m
[0mGET /vendor/admin-lte/plugins/tempusdominus-bootstrap-4/js/tempusdominus-bootstrap-4.min.js [36m304 [0m35.893 ms - -[0m
[0mGET /vendor/admin-lte/dist/js/adminlte.js [36m304 [0m42.234 ms - -[0m
[0mGET /javascripts/aeternity.bundle.js [36m304 [0m62.381 ms - -[0m
[0mGET /vendor/admin-lte/plugins/fontawesome-free/webfonts/fa-solid-900.woff2 [36m304 [0m21.987 ms - -[0m
[0mGET /images/login-bg.jpg [36m304 [0m24.746 ms - -[0m
[0mGET /users/signIn [32m200 [0m130.726 ms - 3104[0m
[0mGET /stylesheets/style.css [36m304 [0m37.764 ms - -[0m
[0mGET /stylesheets/loading.min.css [36m304 [0m20.196 ms - -[0m
[0mGET /vendor/admin-lte/plugins/tempusdominus-bootstrap-4/css/tempusdominus-bootstrap-4.min.css [36m304 [0m19.315 ms - -[0m
[0mGET /vendor/admin-lte/dist/css/adminlte.min.css [36m304 [0m14.566 ms - -[0m
[0mGET /vendor/admin-lte/plugins/daterangepicker/daterangepicker.css [36m304 [0m26.594 ms - -[0m
[0mGET /vendor/admin-lte/plugins/jquery/jquery.min.js [36m304 [0m16.281 ms - -[0m
[0mGET /vendor/admin-lte/plugins/overlayScrollbars/css/OverlayScrollbars.min.css [36m304 [0m35.547 ms - -[0m
[0mGET /vendor/admin-lte/plugins/jquery-ui/jquery-ui.min.js [36m304 [0m35.350 ms - -[0m
[0mGET /vendor/admin-lte/plugins/fontawesome-free/css/all.min.css [36m304 [0m39.933 ms - -[0m
[0mGET /vendor/admin-lte/plugins/tempusdominus-bootstrap-4/js/tempusdominus-bootstrap-4.min.js [36m304 [0m46.810 ms - -[0m
[0mGET /vendor/admin-lte/dist/js/adminlte.js [36m304 [0m27.249 ms - -[0m
[0mGET /vendor/admin-lte/plugins/bootstrap/js/bootstrap.bundle.min.js [36m304 [0m53.876 ms - -[0m
[0mGET /stylesheets/ldbtn.min.css [36m304 [0m41.756 ms - -[0m
[0mGET /vendor/admin-lte/plugins/moment/moment.min.js [36m304 [0m44.388 ms - -[0m
[0mGET /javascripts/aeternity.bundle.js [36m304 [0m21.244 ms - -[0m
[0mGET /images/login-bg.jpg [36m304 [0m9.297 ms - -[0m
[0mGET /vendor/admin-lte/plugins/fontawesome-free/webfonts/fa-solid-900.woff2 [36m304 [0m15.509 ms - -[0m
